# JRE version: Java(TM) SE Runtime Environment (8.0_25-b18) (build 1.8.0_25-b18)
# Java VM: Java HotSpot(TM) 64-Bit Server VM (25.25-b02 mixed mode windows-amd64 compressed oops)
Heap:
 PSYoungGen      total 56832K, used 50047K [0x00000007bc400000, 0x00000007c0000000, 0x00000007c0000000)
  eden space 52224K, 92% used [0x00000007bc400000,0x00000007bf31f2a0,0x00000007bf700000)
  from space 4608K, 38% used [0x00000007bfb80000,0x00000007bfd40c80,0x00000007c0000000)
  to   space 4608K, 0% used [0x00000007bf700000,0x00000007bf700000,0x00000007bfb80000)
 ParOldGen       total 146944K, used 78404K [0x0000000700000000, 0x0000000708f80000, 0x00000007bc400000)
  object space 146944K, 53% used [0x0000000700000000,0x0000000704c912d0,0x0000000708f80000)
 Metaspace       used 73378K, capacity 73795K, committed 74408K, reserved 1112064K
  class space    used 10814K, capacity 10900K, committed 10920K, reserved 1048576K
GC Heap History (10 events):
Event: 7392.393 GC heap before
{Heap before GC invocations=420 (full 17):
 PSYoungGen      total 55808K, used 52830K [0x00000007bc400000, 0x00000007c0000000, 0x00000007c0000000)
  eden space 50176K, 100% used [0x00000007bc400000,0x00000007bf500000,0x00000007bf500000)
  from space 5632K, 47% used [0x00000007bfa80000,0x00000007bfd178e0,0x00000007c0000000)
  to   space 5632K, 0% used [0x00000007bf500000,0x00000007bf500000,0x00000007bfa80000)
 ParOldGen       total 146944K, used 87106K [0x0000000700000000, 0x0000000708f80000, 0x00000007bc400000)
  object space 146944K, 59% used [0x0000000700000000,0x0000000705510a18,0x0000000708f80000)
 Metaspace       used 73345K, capacity 73699K, committed 74408K, reserved 1112064K
  class space    used 10811K, capacity 10868K, committed 10920K, reserved 1048576K
Event: 7392.397 GC heap after
Heap after GC invocations=420 (full 17):
 PSYoungGen      total 55808K, used 2268K [0x00000007bc400000, 0x00000007c0000000, 0x00000007c0000000)
  eden space 50176K, 0% used [0x00000007bc400000,0x00000007bc400000,0x00000007bf500000)
  from space 5632K, 40% used [0x00000007bf500000,0x00000007bf737280,0x00000007bfa80000)
  to   space 5120K, 0% used [0x00000007bfb00000,0x00000007bfb00000,0x00000007c0000000)
 ParOldGen       total 146944K, used 87296K [0x0000000700000000, 0x0000000708f80000, 0x00000007bc400000)
  object space 146944K, 59% used [0x0000000700000000,0x00000007055403c8,0x0000000708f80000)
 Metaspace       used 73345K, capacity 73699K, committed 74408K, reserved 1112064K
  class space    used 10811K, capacity 10868K, committed 10920K, reserved 1048576K
}
Event: 7392.709 GC heap before
{Heap before GC invocations=421 (full 17):
 PSYoungGen      total 55808K, used 52444K [0x00000007bc400000, 0x00000007c0000000, 0x00000007c0000000)
  eden space 50176K, 100% used [0x00000007bc400000,0x00000007bf500000,0x00000007bf500000)
  from space 5632K, 40% used [0x00000007bf500000,0x00000007bf737280,0x00000007bfa80000)
  to   space 5120K, 0% used [0x00000007bfb00000,0x00000007bfb00000,0x00000007c0000000)
 ParOldGen       total 146944K, used 87296K [0x0000000700000000, 0x0000000708f80000, 0x00000007bc400000)
  object space 146944K, 59% used [0x0000000700000000,0x00000007055403c8,0x0000000708f80000)
 Metaspace       used 73350K, capacity 73763K, committed 74408K, reserved 1112064K
  class space    used 10811K, capacity 10868K, committed 10920K, reserved 1048576K
Event: 7392.713 GC heap after
Heap after GC invocations=421 (full 17):
 PSYoungGen      total 56320K, used 2528K [0x00000007bc400000, 0x00000007c0000000, 0x00000007c0000000)
  eden space 51200K, 0% used [0x00000007bc400000,0x00000007bc400000,0x00000007bf600000)
  from space 5120K, 49% used [0x00000007bfb00000,0x00000007bfd78170,0x00000007c0000000)
  to   space 5120K, 0% used [0x00000007bf600000,0x00000007bf600000,0x00000007bfb00000)
 ParOldGen       total 146944K, used 87403K [0x0000000700000000, 0x0000000708f80000, 0x00000007bc400000)
  object space 146944K, 59% used [0x0000000700000000,0x000000070555ac98,0x0000000708f80000)
 Metaspace       used 73350K, capacity 73763K, committed 74408K, reserved 1112064K
  class space    used 10811K, capacity 10868K, committed 10920K, reserved 1048576K
}
Event: 7392.860 GC heap before
{Heap before GC invocations=422 (full 17):
 PSYoungGen      total 56320K, used 26744K [0x00000007bc400000, 0x00000007c0000000, 0x00000007c0000000)
  eden space 51200K, 47% used [0x00000007bc400000,0x00000007bdba61b0,0x00000007bf600000)
  from space 5120K, 49% used [0x00000007bfb00000,0x00000007bfd78170,0x00000007c0000000)
  to   space 5120K, 0% used [0x00000007bf600000,0x00000007bf600000,0x00000007bfb00000)
 ParOldGen       total 146944K, used 87403K [0x0000000700000000, 0x0000000708f80000, 0x00000007bc400000)
  object space 146944K, 59% used [0x0000000700000000,0x000000070555ac98,0x0000000708f80000)
 Metaspace       used 73352K, capacity 73763K, committed 74408K, reserved 1112064K
  class space    used 10811K, capacity 10868K, committed 10920K, reserved 1048576K
Event: 7392.864 GC heap after
Heap after GC invocations=422 (full 17):
 PSYoungGen      total 56320K, used 2482K [0x00000007bc400000, 0x00000007c0000000, 0x00000007c0000000)
  eden space 51200K, 0% used [0x00000007bc400000,0x00000007bc400000,0x00000007bf600000)
  from space 5120K, 48% used [0x00000007bf600000,0x00000007bf86c9b0,0x00000007bfb00000)
  to   space 4608K, 0% used [0x00000007bfb80000,0x00000007bfb80000,0x00000007c0000000)
 ParOldGen       total 146944K, used 87419K [0x0000000700000000, 0x0000000708f80000, 0x00000007bc400000)
  object space 146944K, 59% used [0x0000000700000000,0x000000070555ec98,0x0000000708f80000)
 Metaspace       used 73352K, capacity 73763K, committed 74408K, reserved 1112064K
  class space    used 10811K, capacity 10868K, committed 10920K, reserved 1048576K
}
Event: 7392.864 GC heap before
{Heap before GC invocations=423 (full 18):
 PSYoungGen      total 56320K, used 2482K [0x00000007bc400000, 0x00000007c0000000, 0x00000007c0000000)
  eden space 51200K, 0% used [0x00000007bc400000,0x00000007bc400000,0x00000007bf600000)
  from space 5120K, 48% used [0x00000007bf600000,0x00000007bf86c9b0,0x00000007bfb00000)
  to   space 4608K, 0% used [0x00000007bfb80000,0x00000007bfb80000,0x00000007c0000000)
 ParOldGen       total 146944K, used 87419K [0x0000000700000000, 0x0000000708f80000, 0x00000007bc400000)
  object space 146944K, 59% used [0x0000000700000000,0x000000070555ec98,0x0000000708f80000)
 Metaspace       used 73352K, capacity 73763K, committed 74408K, reserved 1112064K
  class space    used 10811K, capacity 10868K, committed 10920K, reserved 1048576K
Event: 7393.188 GC heap after
Heap after GC invocations=423 (full 18):
 PSYoungGen      total 56320K, used 0K [0x00000007bc400000, 0x00000007c0000000, 0x00000007c0000000)
  eden space 51200K, 0% used [0x00000007bc400000,0x00000007bc400000,0x00000007bf600000)
  from space 5120K, 0% used [0x00000007bf600000,0x00000007bf600000,0x00000007bfb00000)
  to   space 4608K, 0% used [0x00000007bfb80000,0x00000007bfb80000,0x00000007c0000000)
 ParOldGen       total 146944K, used 78404K [0x0000000700000000, 0x0000000708f80000, 0x00000007bc400000)
  object space 146944K, 53% used [0x0000000700000000,0x0000000704c912d0,0x0000000708f80000)
 Metaspace       used 73352K, capacity 73763K, committed 74408K, reserved 1112064K
  class space    used 10811K, capacity 10868K, committed 10920K, reserved 1048576K
}
Event: 7400.105 GC heap before
{Heap before GC invocations=424 (full 18):
 PSYoungGen      total 56320K, used 51200K [0x00000007bc400000, 0x00000007c0000000, 0x00000007c0000000)
  eden space 51200K, 100% used [0x00000007bc400000,0x00000007bf600000,0x00000007bf600000)
  from space 5120K, 0% used [0x00000007bf600000,0x00000007bf600000,0x00000007bfb00000)
  to   space 4608K, 0% used [0x00000007bfb80000,0x00000007bfb80000,0x00000007c0000000)
 ParOldGen       total 146944K, used 78404K [0x0000000700000000, 0x0000000708f80000, 0x00000007bc400000)
  object space 146944K, 53% used [0x0000000700000000,0x0000000704c912d0,0x0000000708f80000)
 Metaspace       used 73375K, capacity 73795K, committed 74408K, reserved 1112064K
  class space    used 10814K, capacity 10900K, committed 10920K, reserved 1048576K
Event: 7400.110 GC heap after
Heap after GC invocations=424 (full 18):
 PSYoungGen      total 56832K, used 1795K [0x00000007bc400000, 0x00000007c0000000, 0x00000007c0000000)
  eden space 52224K, 0% used [0x00000007bc400000,0x00000007bc400000,0x00000007bf700000)
  from space 4608K, 38% used [0x00000007bfb80000,0x00000007bfd40c80,0x00000007c0000000)
  to   space 4608K, 0% used [0x00000007bf700000,0x00000007bf700000,0x00000007bfb80000)
 ParOldGen       total 146944K, used 78404K [0x0000000700000000, 0x0000000708f80000, 0x00000007bc400000)
  object space 146944K, 53% used [0x0000000700000000,0x0000000704c912d0,0x0000000708f80000)
 Metaspace       used 73375K, capacity 73795K, committed 74408K, reserved 1112064K
  class space    used 10814K, capacity 10900K, committed 10920K, reserved 1048576K
}

